GROUP,PACKAGE,CLASS,INSTRUCTION_MISSED,INSTRUCTION_COVERED,BRANCH_MISSED,BRANCH_COVERED,LINE_MISSED,LINE_COVERED,COMPLEXITY_MISSED,COMPLEXITY_COVERED,METHOD_MISSED,METHOD_COVERED
calculator,com.example.calculator.service,CalculatorService,0,95,0,12,0,15,0,11,0,2
calculator,com.example.calculator.controller,CalculatorController,0,11,0,0,0,4,0,2,0,2
calculator,com.example.calculator,CalculatorApplication,0,8,0,0,0,3,0,2,0,2
calculator,com.example.calculator.model,CalculatorInput,0,33,0,0,0,11,0,7,0,7
