<?xml version="1.0" encoding="UTF-8"?>
<testsuite xmlns:xsi="http://www.w3.org/2001/XMLSchema-instance" xsi:noNamespaceSchemaLocation="https://maven.apache.org/surefire/maven-surefire-plugin/xsd/surefire-test-report-3.0.xsd" version="3.0" name="com.example.calculator.service.CalculatorServiceTest" time="0.034" tests="10" errors="0" skipped="0" failures="0">
  <properties>
[...]
</properties>
  <testcase name="testSqrtNegative" classname="com.example.calculator.service.CalculatorServiceTest" time="0.003"/>
  <testcase name="testDivideByZero" classname="com.example.calculator.service.CalculatorServiceTest" time="0.003"/>
  <testcase name="testAdd" classname="com.example.calculator.service.CalculatorServiceTest" time="0.001"/>
  <testcase name="testMod" classname="com.example.calculator.service.CalculatorServiceTest" time="0.002"/>
  <testcase name="testPow" classname="com.example.calculator.service.CalculatorServiceTest" time="0.002"/>
  <testcase name="testSubtract" classname="com.example.calculator.service.CalculatorServiceTest" time="0.002"/>
  <testcase name="testSqrt" classname="com.example.calculator.service.CalculatorServiceTest" time="0.002"/>
  <testcase name="testInvalidOperation" classname="com.example.calculator.service.CalculatorServiceTest" time="0.001"/>
  <testcase name="testDivide" classname="com.example.calculator.service.CalculatorServiceTest" time="0.002"/>
  <testcase name="testMultiply" classname="com.example.calculator.service.CalculatorServiceTest" time="0.002"/>
</testsuite>